\BOOKMARK [1][-]{section.1}{\376\377\000V\000o\000r\000w\000o\000r\000t}{}% 1
\BOOKMARK [1][-]{section.2}{\376\377\000E\000i\000n\000l\000e\000i\000t\000u\000n\000g}{}% 2
\BOOKMARK [1][-]{section.3}{\376\377\000T\000h\000e\000o\000r\000e\000t\000i\000s\000c\000h\000e\000r\000\040\000H\000i\000n\000t\000e\000r\000g\000r\000u\000n\000d}{}% 3
\BOOKMARK [2][-]{subsection.3.1}{\376\377\000A\000l\000l\000g\000e\000m\000e\000i\000n\000e\000s}{section.3}% 4
\BOOKMARK [2][-]{subsection.3.2}{\376\377\000D\000a\000s\000\040\000A\000r\000c\000h\000i\000t\000e\000k\000t\000u\000r\000d\000e\000s\000i\000g\000n}{section.3}% 5
\BOOKMARK [3][-]{subsubsection.3.2.1}{\376\377\000B\000a\000c\000k\000e\000n\000d\000-\000A\000r\000c\000h\000i\000t\000e\000k\000t\000u\000r\000:}{subsection.3.2}% 6
\BOOKMARK [3][-]{subsubsection.3.2.2}{\376\377\000F\000r\000o\000n\000t\000e\000n\000d\000-\000A\000r\000c\000h\000i\000t\000e\000k\000t\000u\000r\000:}{subsection.3.2}% 7
\BOOKMARK [3][-]{subsubsection.3.2.3}{\376\377\000Z\000u\000s\000t\000a\000n\000d\000s\000m\000a\000n\000a\000g\000e\000m\000e\000n\000t\000:}{subsection.3.2}% 8
\BOOKMARK [3][-]{subsubsection.3.2.4}{\376\377\000V\000e\000r\000g\000l\000e\000i\000c\000h\000:\000\040\000S\000i\000g\000n\000a\000l\000s\000\040\000v\000s\000.\000\040\000u\000s\000e\000S\000t\000a\000t\000e\000/\000u\000s\000e\000E\000f\000f\000e\000c\000t}{subsection.3.2}% 9
\BOOKMARK [2][-]{subsection.3.3}{\376\377\000D\000a\000t\000e\000n\000b\000a\000n\000k\000m\000o\000d\000e\000l\000l}{section.3}% 10
\BOOKMARK [3][-]{subsubsection.3.3.1}{\376\377\000D\000a\000t\000e\000n\000b\000a\000n\000k\000t\000a\000b\000e\000l\000l\000e\000n}{subsection.3.3}% 11
\BOOKMARK [3][-]{subsubsection.3.3.2}{\376\377\000T\000a\000b\000e\000l\000l\000e\000\040\000U\000s\000e\000r}{subsection.3.3}% 12
\BOOKMARK [3][-]{subsubsection.3.3.3}{\376\377\000T\000a\000b\000e\000l\000l\000e\000\040\000E\000x\000e\000r\000c\000i\000s\000e}{subsection.3.3}% 13
\BOOKMARK [3][-]{subsubsection.3.3.4}{\376\377\000T\000a\000b\000e\000l\000l\000e\000\040\000C\000a\000t\000e\000g\000o\000r\000y}{subsection.3.3}% 14
\BOOKMARK [3][-]{subsubsection.3.3.5}{\376\377\000T\000a\000b\000e\000l\000l\000e\000\040\000S\000u\000b\000c\000a\000t\000e\000g\000o\000r\000y}{subsection.3.3}% 15
\BOOKMARK [3][-]{subsubsection.3.3.6}{\376\377\000Z\000u\000s\000a\000m\000m\000e\000n\000f\000a\000s\000s\000u\000n\000g}{subsection.3.3}% 16
\BOOKMARK [1][-]{section.4}{\376\377\000M\000e\000t\000h\000o\000d\000i\000k}{}% 17
\BOOKMARK [2][-]{subsection.4.1}{\376\377\000B\000a\000c\000k\000e\000n\000d\000-\000E\000n\000t\000w\000i\000c\000k\000l\000u\000n\000g}{section.4}% 18
\BOOKMARK [2][-]{subsection.4.2}{\376\377\000F\000r\000o\000n\000t\000e\000n\000d\000-\000E\000n\000t\000w\000i\000c\000k\000l\000u\000n\000g}{section.4}% 19
\BOOKMARK [2][-]{subsection.4.3}{\376\377\000A\000u\000t\000h\000e\000n\000t\000i\000f\000i\000z\000i\000e\000r\000u\000g\000\040\000u\000n\000d\000\040\000A\000u\000t\000o\000r\000i\000s\000i\000e\000r\000u\000n\000g}{section.4}% 20
\BOOKMARK [2][-]{subsection.4.4}{\376\377\000T\000e\000s\000t\000i\000n\000g\000\040\000u\000n\000d\000\040\000Q\000u\000a\000l\000i\000t\000\344\000t\000s\000s\000i\000c\000h\000e\000r\000u\000n\000g\000:\000\040}{section.4}% 21
\BOOKMARK [2][-]{subsection.4.5}{\376\377\000D\000e\000p\000l\000o\000y\000m\000e\000n\000t\000\040\000u\000n\000d\000\040\000I\000n\000b\000e\000t\000r\000i\000e\000b\000n\000a\000h\000m\000e\000:\000\040}{section.4}% 22
\BOOKMARK [1][-]{section.5}{\376\377\000E\000r\000g\000b\000e\000n\000i\000s\000s\000e}{}% 23
\BOOKMARK [2][-]{subsection.5.1}{\376\377\000A\000l\000l\000g\000e\000m\000e\000i\000n\000e\000s}{section.5}% 24
\BOOKMARK [2][-]{subsection.5.2}{\376\377\000D\000i\000e\000\040\000K\000o\000m\000p\000o\000n\000e\000n\000t\000e\000n\000\374\000b\000e\000r\000s\000i\000c\000h\000t}{section.5}% 25
\BOOKMARK [1][-]{section.6}{\376\377\000F\000a\000z\000i\000t\000/\000D\000i\000s\000k\000u\000s\000s\000i\000o\000n}{}% 26
\BOOKMARK [1][-]{section.7}{\376\377\000S\000c\000h\000l\000u\000s\000s\000w\000o\000r\000t}{}% 27
\BOOKMARK [1][-]{appendix.A}{\376\377\000A\000n\000h\000a\000n\000g}{}% 28
\BOOKMARK [1][-]{appendix.B}{\376\377\000B\000i\000l\000d\000e\000r\000v\000e\000r\000z\000e\000i\000c\000h\000n\000i\000s}{}% 29
\BOOKMARK [1][-]{appendix.C}{\376\377\000L\000i\000t\000e\000r\000a\000t\000u\000r\000v\000e\000r\000z\000e\000i\000c\000h\000n\000i\000s}{}% 30
